\BOOKMARK [1][-]{section.1}{\376\377\176\352\213\272}{}% 1
\BOOKMARK [2][-]{subsection.1.1}{\376\377\170\024\172\166\200\314\146\157}{section.1}% 2
\BOOKMARK [2][-]{subsection.1.2}{\376\377\200\314\146\157\164\006\213\272}{section.1}% 3
\BOOKMARK [3][-]{subsubsection.1.2.1}{\376\377\221\317\133\120\204\231\162\171\123\141\155\033}{subsection.1.2}% 4
\BOOKMARK [3][-]{subsubsection.1.2.2}{\376\377\124\150\147\037\133\211\137\267\150\356\152\041\127\213}{subsection.1.2}% 5
\BOOKMARK [3][-]{subsubsection.1.2.3}{\376\377\000H\000u\000b\000b\000a\000r\000d\152\041\127\213}{subsection.1.2}% 6
\BOOKMARK [3][-]{subsubsection.1.2.4}{\376\377\000R\000K\000K\000Y\166\370\116\222\117\134\165\050}{subsection.1.2}% 7
\BOOKMARK [3][-]{subsubsection.1.2.5}{\376\377\000K\000o\000n\000d\000o\145\110\136\224}{subsection.1.2}% 8
\BOOKMARK [1][-]{section.2}{\376\377\000C\000e\0003\000\050\000P\000t\000/\000P\000d\000\051\000I\000n\0001\0001\221\315\215\071\174\163\133\120\162\151\164\006\117\123\174\373}{}% 9
\BOOKMARK [2][-]{subsection.2.1}{\376\377\215\205\133\374\116\016\123\315\224\301\170\301\121\161\133\130}{section.2}% 10
\BOOKMARK [2][-]{subsection.2.2}{\376\377\162\171\140\047\116\313\176\315}{section.2}% 11
\BOOKMARK [3][-]{subsubsection.2.2.1}{\376\377\165\065\226\073\163\207\226\217\156\051\136\246\123\330\123\026}{subsection.2.2}% 12
\BOOKMARK [3][-]{subsubsection.2.2.2}{\376\377\170\301\123\026\174\373\145\160}{subsection.2.2}% 13
\BOOKMARK [3][-]{subsubsection.2.2.3}{\376\377\123\315\224\301\170\301\124\214\227\136\136\070\211\304\215\205\133\374}{subsection.2.2}% 14
\BOOKMARK [1][-]{section.3}{\376\377\123\315\224\301\170\301\140\047\124\214\227\136\136\070\211\304\215\205\133\374\121\161\133\130\124\214\172\336\116\211\147\072\122\066}{}% 15
\BOOKMARK [2][-]{subsection.3.1}{\376\377\227\136\136\070\211\304\215\205\133\374\173\200\116\313}{section.3}% 16
\BOOKMARK [3][-]{subsubsection.3.1.1}{\376\377\215\205\133\374\116\016\123\315\224\301\170\301\166\204\172\336\116\211\116\016\121\161\133\130}{subsection.3.1}% 17
\BOOKMARK [1][-]{section.4}{\376\377\122\051\165\050\131\032\117\123\213\241\173\227\145\271\154\325\152\041\142\337\133\211\137\267\150\356\152\041\127\213\166\204\122\035\153\145\176\323\147\234}{}% 18
\BOOKMARK [2][-]{subsection.4.1}{\376\377\152\041\142\337\176\323\147\234\145\160\143\156\131\004\164\006\172\013\136\217\166\204\177\026\121\231}{section.4}% 19
\BOOKMARK [3][-]{subsubsection.4.1.1}{\376\377\217\320\210\114\142\100\227\000\163\257\130\203}{subsection.4.1}% 20
\BOOKMARK [3][-]{subsubsection.4.1.2}{\376\377\172\013\136\217\177\026\121\231\140\035\215\357}{subsection.4.1}% 21
\BOOKMARK [2][-]{subsection.4.2}{\376\377\123\315\224\301\170\301\176\323\147\204\126\340\133\120}{section.4}% 22
\BOOKMARK [2][-]{subsection.4.3}{\376\377\215\205\133\374\213\241\173\227\176\323\147\234}{section.4}% 23
\BOOKMARK [1][-]{section.5}{\376\377\140\073\176\323\116\016\134\125\147\033}{}% 24
\BOOKMARK [2][-]{subsection.5.1}{\376\377\140\073\176\323}{section.5}% 25
\BOOKMARK [2][-]{subsection.5.2}{\376\377\147\052\147\145\134\125\147\033}{section.5}% 26
\BOOKMARK [1][-]{subsection.5.2}{\376\377\123\302\200\003\145\207\163\056}{}% 27
\BOOKMARK [1][-]{subsection.5.2}{\376\377\201\364\214\042}{}% 28
\BOOKMARK [1][-]{subsection.5.2}{\376\377\226\104\137\125}{}% 29
