\BOOKMARK [1][-]{section*.1}{\376\377\144\130\211\201}{}% 1
\BOOKMARK [1][-]{section.1}{\376\377\122\115\212\000}{}% 2
\BOOKMARK [1][-]{section.2}{\376\377\151\202\137\365\060\001\164\006\213\272\124\214\145\271\154\325}{}% 3
\BOOKMARK [2][-]{subsection.2.1}{\376\377\147\072\126\150\133\146\116\140}{section.2}% 4
\BOOKMARK [2][-]{subsection.2.2}{\376\377\127\050\155\073\140\047\162\151\215\050\116\055\170\024\172\166\116\055\117\177\165\050\147\072\126\150\133\146\116\140}{section.2}% 5
\BOOKMARK [1][-]{section.3}{\376\377\145\160\120\074\133\236\232\214\166\204\213\276\213\241\060\001\166\356\150\007\124\214\123\357\210\114\140\047\122\006\147\220}{}% 6
\BOOKMARK [2][-]{subsection.3.1}{\376\377\145\160\120\074\133\236\232\214\166\204\213\276\213\241\124\214\166\356\150\007}{section.3}% 7
\BOOKMARK [2][-]{subsection.3.2}{\376\377\123\357\210\114\140\047\122\006\147\220}{section.3}% 8
\BOOKMARK [1][-]{section.4}{\376\377\145\160\120\074\133\236\232\214\166\204\217\307\172\013\123\312\176\323\147\234\122\006\147\220}{}% 9
\BOOKMARK [2][-]{subsection.4.1}{\376\377\122\051\165\050\123\167\171\357\177\121\176\334\133\371\126\376\120\317\217\333\210\114\122\006\174\173}{section.4}% 10
\BOOKMARK [3][-]{subsubsection.4.1.1}{\376\377\147\204\136\372\133\236\232\214\152\041\127\213}{subsection.4.1}% 11
\BOOKMARK [3][-]{subsubsection.4.1.2}{\376\377\145\160\120\074\133\236\232\214\166\204\217\307\172\013\173\200\217\360}{subsection.4.1}% 12
\BOOKMARK [3][-]{subsubsection.4.1.3}{\376\377\145\160\120\074\133\236\232\214\176\323\147\234\134\125\171\072\123\312\122\006\147\220}{subsection.4.1}% 13
\BOOKMARK [2][-]{subsection.4.2}{\376\377\145\160\143\156\166\204\226\115\176\364\124\214\123\357\211\306\123\026\146\076\171\072}{section.4}% 14
\BOOKMARK [2][-]{subsection.4.3}{\376\377\213\306\122\053\145\160\143\156\226\306\116\055\147\011\131\032\134\021\171\315\145\160\143\156}{section.4}% 15
\BOOKMARK [3][-]{subsubsection.4.3.1}{\376\377\133\371\126\376\120\317\217\333\210\114\000k\000-\127\107\120\074\200\132\174\173}{subsection.4.3}% 16
\BOOKMARK [3][-]{subsubsection.4.3.2}{\376\377\122\051\165\050\000S\000S\000E\000-\000k\146\362\176\277\142\176\122\060\147\000\117\030\200\132\174\173}{subsection.4.3}% 17
\BOOKMARK [2][-]{subsection.4.4}{\376\377\116\316\126\376\120\317\226\306\124\010\116\055\150\300\175\042\124\214\143\320\123\326\124\014\174\173\126\376\120\317}{section.4}% 18
\BOOKMARK [3][-]{subsubsection.4.4.1}{\376\377\220\032\217\307\150\067\147\054\166\370\117\074\136\246\217\333\210\114\150\300\175\042}{subsection.4.4}% 19
\BOOKMARK [3][-]{subsubsection.4.4.2}{\376\377\220\032\217\307\150\067\147\054\215\335\171\273\217\333\210\114\150\300\175\042}{subsection.4.4}% 20
\BOOKMARK [1][-]{section.5}{\376\377\176\323\213\272}{}% 21
\BOOKMARK [1][-]{section*.19}{\376\377\123\302\200\003\145\207\163\056}{}% 22
\BOOKMARK [1][-]{section*.20}{\376\377\201\364\214\042}{}% 23
\BOOKMARK [1][-]{section*.21}{\376\377\226\104\137\125}{}% 24
